#
# There is insufficient memory for the Java Runtime Environment to continue.
# Native memory allocation (malloc) failed to allocate 148496 bytes. Error detail: Chunk::new
# Possible reasons:
#   The system is out of physical RAM or swap space
#   This process is running with CompressedOops enabled, and the Java Heap may be blocking the growth of the native heap
# Possible solutions:
#   Reduce memory load on the system
#   Increase physical memory or swap space
#   Check if swap backing store is full
#   Decrease Java heap size (-Xmx/-Xms)
#   Decrease number of Java threads
#   Decrease Java thread stack sizes (-Xss)
#   Set larger code cache with -XX:ReservedCodeCacheSize=
#   JVM is running with Unscaled Compressed Oops mode in which the Java heap is
#     placed in the first 4GB address space. The Java Heap base address is the
#     maximum limit for the native heap growth. Please use -XX:HeapBaseMinAddress
#     to set the Java Heap base and to place the Java Heap above 4GB virtual address.
# This output file may be truncated or incomplete.
#
#  Out of Memory Error (arena.cpp:168), pid=23256, tid=17288
#
# JRE version: OpenJDK Runtime Environment (21.0.8) (build 21.0.8+-14018985-b1038.68)
# Java VM: OpenJDK 64-Bit Server VM (21.0.8+-14018985-b1038.68, mixed mode, tiered, compressed oops, compressed class ptrs, g1 gc, windows-amd64)
# No core dump will be written. Minidumps are not enabled by default on client versions of Windows
#

---------------  S U M M A R Y ------------

Command Line: -Dapplication.home=C:\Users\Diron\New folder (2)\jbr --add-modules=ALL-DEFAULT -Xms8m -Djdk.module.main=jdk.jlink jdk.jlink/jdk.tools.jlink.internal.Main --version

Host: Intel(R) Core(TM) i3-1005G1 CPU @ 1.20GHz, 4 cores, 7G,  Windows 10 , 64 bit Build 19041 (10.0.19041.5915)
Time: Tue Jan  6 11:48:01 2026 Sri Lanka Standard Time elapsed time: 0.683988 seconds (0d 0h 0m 0s)

---------------  T H R E A D  ---------------

Current thread (0x0000012f47211a20):  JavaThread "C2 CompilerThread0" daemon [_thread_in_native, id=17288, stack(0x0000000a3a000000,0x0000000a3a100000) (1024K)]


Current CompileTask:
C2:684  309       4       java.util.HashMap::putVal (300 bytes)

Stack: [0x0000000a3a000000,0x0000000a3a100000]
Native frames: (J=compiled Java code, j=interpreted, Vv=VM code, C=native code)
V  [jvm.dll+0x6d68d9]
V  [jvm.dll+0x866693]
V  [jvm.dll+0x868c4e]
V  [jvm.dll+0x869333]
V  [jvm.dll+0x280566]
V  [jvm.dll+0xc07cd]
V  [jvm.dll+0xc0d03]
V  [jvm.dll+0x2f5970]
V  [jvm.dll+0x5ff719]
V  [jvm.dll+0x252362]
V  [jvm.dll+0x24ac0a]
V  [jvm.dll+0x24871e]
V  [jvm.dll+0x1c73a4]
V  [jvm.dll+0x257f9e]
V  [jvm.dll+0x2564e6]
V  [jvm.dll+0x3f4696]
V  [jvm.dll+0x80eac8]
V  [jvm.dll+0x6d512d]
C  [ucrtbase.dll+0x21bb2]
C  [KERNEL32.DLL+0x17374]
C  [ntdll.dll+0x4cc91]


---------------  P R O C E S S  ---------------

Threads class SMR info:
_java_thread_list=0x0000012f476a6f70, length=12, elements={
0x0000012f2e1bbfa0, 0x0000012f471e25d0, 0x0000012f471f85f0, 0x0000012f471fb800,
0x0000012f47205dc0, 0x0000012f47206820, 0x0000012f47209d90, 0x0000012f4720c800,
0x0000012f47211a20, 0x0000012f4721e1d0, 0x0000012f47600200, 0x0000012f4c05e900
}

Java Threads: ( => current thread )
  0x0000012f2e1bbfa0 JavaThread "main"                              [_thread_in_vm, id=23112, stack(0x0000000a39100000,0x0000000a39200000) (1024K)]
  0x0000012f471e25d0 JavaThread "Common-Cleaner"             daemon [_thread_blocked, id=24020, stack(0x0000000a39900000,0x0000000a39a00000) (1024K)]
  0x0000012f471f85f0 JavaThread "Reference Handler"          daemon [_thread_blocked, id=14396, stack(0x0000000a39a00000,0x0000000a39b00000) (1024K)]
  0x0000012f471fb800 JavaThread "Finalizer"                  daemon [_thread_blocked, id=22828, stack(0x0000000a39b00000,0x0000000a39c00000) (1024K)]
  0x0000012f47205dc0 JavaThread "Signal Dispatcher"          daemon [_thread_blocked, id=7476, stack(0x0000000a39c00000,0x0000000a39d00000) (1024K)]
  0x0000012f47206820 JavaThread "Attach Listener"            daemon [_thread_blocked, id=26788, stack(0x0000000a39d00000,0x0000000a39e00000) (1024K)]
  0x0000012f47209d90 JavaThread "Service Thread"             daemon [_thread_blocked, id=376, stack(0x0000000a39e00000,0x0000000a39f00000) (1024K)]
  0x0000012f4720c800 JavaThread "Monitor Deflation Thread"   daemon [_thread_blocked, id=21464, stack(0x0000000a39f00000,0x0000000a3a000000) (1024K)]
=>0x0000012f47211a20 JavaThread "C2 CompilerThread0"         daemon [_thread_in_native, id=17288, stack(0x0000000a3a000000,0x0000000a3a100000) (1024K)]
  0x0000012f4721e1d0 JavaThread "C1 CompilerThread0"         daemon [_thread_blocked, id=28092, stack(0x0000000a3a100000,0x0000000a3a200000) (1024K)]
  0x0000012f47600200 JavaThread "Notification Thread"        daemon [_thread_blocked, id=23796, stack(0x0000000a3a200000,0x0000000a3a300000) (1024K)]
  0x0000012f4c05e900 JavaThread "C2 CompilerThread1"         daemon [_thread_blocked, id=19368, stack(0x0000000a3a500000,0x0000000a3a600000) (1024K)]
Total: 12

Other Threads:
  0x0000012f47198690 VMThread "VM Thread"                           [id=23624, stack(0x0000000a39800000,0x0000000a39900000) (1024K)]
  0x0000012f30528fe0 WatcherThread "VM Periodic Task Thread"        [id=9392, stack(0x0000000a39700000,0x0000000a39800000) (1024K)]
  0x0000012f304e4ed0 WorkerThread "GC Thread#0"                     [id=14684, stack(0x0000000a39200000,0x0000000a39300000) (1024K)]
  0x0000012f476539c0 WorkerThread "GC Thread#1"                     [id=25544, stack(0x0000000a3a300000,0x0000000a3a400000) (1024K)]
  0x0000012f476bdee0 WorkerThread "GC Thread#2"                     [id=24224, stack(0x0000000a3a400000,0x0000000a3a500000) (1024K)]
  0x0000012f304f6150 ConcurrentGCThread "G1 Main Marker"            [id=20708, stack(0x0000000a39300000,0x0000000a39400000) (1024K)]
  0x0000012f304f6c50 WorkerThread "G1 Conc#0"                       [id=25132, stack(0x0000000a39400000,0x0000000a39500000) (1024K)]
  0x0000012f30514e00 ConcurrentGCThread "G1 Refine#0"               [id=15736, stack(0x0000000a39500000,0x0000000a39600000) (1024K)]
  0x0000012f30515970 ConcurrentGCThread "G1 Service"                [id=17820, stack(0x0000000a39600000,0x0000000a39700000) (1024K)]
Total: 9

Threads with active compile tasks:
C2 CompilerThread0  756  309       4       java.util.HashMap::putVal (300 bytes)
Total: 1

VM state: not at safepoint (normal execution)

VM Mutex/Monitor currently owned by a thread: None

Heap address: 0x0000000083a00000, size: 1990 MB, Compressed Oops mode: 32-bit

CDS archive(s) not mapped
Compressed class space mapped at: 0x0000000100000000-0x0000000140000000, reserved size: 1073741824
Narrow klass base: 0x0000000000000000, Narrow klass shift: 3, Narrow klass range: 0x140000000

GC Precious Log:
 CardTable entry size: 512
 Card Set container configuration: InlinePtr #cards 5 size 8 Array Of Cards #cards 12 size 40 Howl #buckets 4 coarsen threshold 1843 Howl Bitmap #cards 512 size 80 coarsen threshold 460 Card regions per heap region 1 cards per card region 2048
 CPUs: 4 total, 4 available
 Memory: 7959M
 Large Page Support: Disabled
 NUMA Support: Disabled
 Compressed Oops: Enabled (32-bit)
 Heap Region Size: 1M
 Heap Min Capacity: 8M
 Heap Initial Capacity: 8M
 Heap Max Capacity: 1990M
 Pre-touch: Disabled
 Parallel Workers: 4
 Concurrent Workers: 1
 Concurrent Refinement Workers: 4
 Periodic GC: Disabled

Heap:
 garbage-first heap   total 8192K, used 1952K [0x0000000083a00000, 0x0000000100000000)
  region size 1024K, 3 young (3072K), 1 survivors (1024K)
 Metaspace       used 8290K, committed 8448K, reserved 1114112K
  class space    used 813K, committed 896K, reserved 1048576K

Heap Regions: E=young(eden), S=young(survivor), O=old, HS=humongous(starts), HC=humongous(continues), CS=collection set, F=free, TAMS=top-at-mark-start, PB=parsable bottom
|   0|0x0000000083a00000, 0x0000000083a00000, 0x0000000083b00000|  0%| F|  |TAMS 0x0000000083a00000| PB 0x0000000083a00000| Untracked 
|   1|0x0000000083b00000, 0x0000000083b00000, 0x0000000083c00000|  0%| F|  |TAMS 0x0000000083b00000| PB 0x0000000083b00000| Untracked 
|   2|0x0000000083c00000, 0x0000000083c00000, 0x0000000083d00000|  0%| F|  |TAMS 0x0000000083c00000| PB 0x0000000083c00000| Untracked 
|   3|0x0000000083d00000, 0x0000000083d00000, 0x0000000083e00000|  0%| F|  |TAMS 0x0000000083d00000| PB 0x0000000083d00000| Untracked 
|   4|0x0000000083e00000, 0x0000000083ee8238, 0x0000000083f00000| 90%| S|CS|TAMS 0x0000000083e00000| PB 0x0000000083e00000| Complete 
|   5|0x0000000083f00000, 0x0000000083f00000, 0x0000000084000000|  0%| F|  |TAMS 0x0000000083f00000| PB 0x0000000083f00000| Untracked 
|   6|0x0000000084000000, 0x0000000084009f38, 0x0000000084100000|  3%| E|  |TAMS 0x0000000084000000| PB 0x0000000084000000| Complete 
|   7|0x0000000084100000, 0x0000000084200000, 0x0000000084200000|100%| E|CS|TAMS 0x0000000084100000| PB 0x0000000084100000| Complete 

Card table byte_map: [0x0000012f429e0000,0x0000012f42dd0000] _byte_map_base: 0x0000012f425c3000

Marking Bits: (CMBitMap*) 0x0000012f304e55d0
 Bits: [0x0000012f42dd0000, 0x0000012f44ce8000)

Polling page: 0x0000012f2fc60000

Metaspace:

Usage:
  Non-class:      7.33 MB used.
      Class:    816.58 KB used.
       Both:      8.12 MB used.

Virtual space:
  Non-class space:       64.00 MB reserved,       7.38 MB ( 12%) committed,  1 nodes.
      Class space:        1.00 GB reserved,     896.00 KB ( <1%) committed,  1 nodes.
             Both:        1.06 GB reserved,       8.25 MB ( <1%) committed. 

Chunk freelists:
   Non-Class:  8.13 MB
       Class:  15.17 MB
        Both:  23.30 MB

MaxMetaspaceSize: unlimited
CompressedClassSpaceSize: 1.00 GB
Initial GC threshold: 21.00 MB
Current GC threshold: 21.00 MB
CDS: off
 - commit_granule_bytes: 65536.
 - commit_granule_words: 8192.
 - virtual_space_node_default_size: 8388608.
 - enlarge_chunks_in_place: 1.
 - use_allocation_guard: 0.


Internal statistics:

num_allocs_failed_limit: 0.
num_arena_births: 28.
num_arena_deaths: 0.
num_vsnodes_births: 2.
num_vsnodes_deaths: 0.
num_space_committed: 133.
num_space_uncommitted: 0.
num_chunks_returned_to_freelist: 0.
num_chunks_taken_from_freelist: 74.
num_chunk_merges: 0.
num_chunk_splits: 39.
num_chunks_enlarged: 25.
num_inconsistent_stats: 0.

CodeHeap 'non-profiled nmethods': size=120000Kb used=134Kb max_used=134Kb free=119865Kb
 bounds [0x0000012f3b0c0000, 0x0000012f3b330000, 0x0000012f425f0000]
CodeHeap 'profiled nmethods': size=120000Kb used=521Kb max_used=521Kb free=119478Kb
 bounds [0x0000012f335f0000, 0x0000012f33860000, 0x0000012f3ab20000]
CodeHeap 'non-nmethods': size=5760Kb used=1371Kb max_used=1385Kb free=4388Kb
 bounds [0x0000012f3ab20000, 0x0000012f3ad90000, 0x0000012f3b0c0000]
CodeCache: size=245760Kb, used=2026Kb, max_used=2040Kb, free=243731Kb
 total_blobs=827, nmethods=426, adapters=306, full_count=0
Compilation: enabled, stopped_count=0, restarted_count=0

Compilation events (20 events):
Event: 0.651 Thread 0x0000012f4721e1d0 nmethod 302 0x0000012f3b0d7390 code [0x0000012f3b0d7520, 0x0000012f3b0d75c8]
Event: 0.666 Thread 0x0000012f4721e1d0  304       1       java.security.CodeSource::getLocationNoFragString (5 bytes)
Event: 0.666 Thread 0x0000012f4721e1d0 nmethod 304 0x0000012f3b0d7690 code [0x0000012f3b0d7820, 0x0000012f3b0d78e8]
Event: 0.666 Thread 0x0000012f4721e1d0  305       1       java.util.concurrent.locks.AbstractOwnableSynchronizer::setExclusiveOwnerThread (6 bytes)
Event: 0.666 Thread 0x0000012f4721e1d0 nmethod 305 0x0000012f3b0d7990 code [0x0000012f3b0d7b20, 0x0000012f3b0d7c30]
Event: 0.666 Thread 0x0000012f4721e1d0  306       1       java.util.concurrent.locks.AbstractOwnableSynchronizer::getExclusiveOwnerThread (5 bytes)
Event: 0.666 Thread 0x0000012f4721e1d0 nmethod 306 0x0000012f3b0d7c90 code [0x0000012f3b0d7e20, 0x0000012f3b0d7ee8]
Event: 0.675 Thread 0x0000012f4721e1d0  307       3       sun.util.locale.LocaleUtils::isUpper (18 bytes)
Event: 0.675 Thread 0x0000012f4721e1d0 nmethod 307 0x0000012f3364db90 code [0x0000012f3364dd20, 0x0000012f3364de90]
Event: 0.676 Thread 0x0000012f4721e1d0  308       1       sun.util.locale.BaseLocale::getLanguage (5 bytes)
Event: 0.676 Thread 0x0000012f4721e1d0 nmethod 308 0x0000012f3b0d7f90 code [0x0000012f3b0d8120, 0x0000012f3b0d81e8]
Event: 0.677 Thread 0x0000012f47211a20  309       4       java.util.HashMap::putVal (300 bytes)
Event: 0.677 Thread 0x0000012f4721e1d0  311       3       jdk.internal.org.objectweb.asm.Handler::getExceptionTableLength (21 bytes)
Event: 0.678 Thread 0x0000012f4721e1d0 nmethod 311 0x0000012f3364df10 code [0x0000012f3364e0c0, 0x0000012f3364e258]
Event: 0.678 Thread 0x0000012f4721e1d0  312       1       java.lang.module.ModuleDescriptor::uses (5 bytes)
Event: 0.678 Thread 0x0000012f4721e1d0 nmethod 312 0x0000012f3b0d8690 code [0x0000012f3b0d8820, 0x0000012f3b0d88e8]
Event: 0.678 Thread 0x0000012f4721e1d0  313       3       java.nio.Buffer::limit (65 bytes)
Event: 0.679 Thread 0x0000012f4721e1d0 nmethod 313 0x0000012f3364e390 code [0x0000012f3364e540, 0x0000012f3364e7d0]
Event: 0.681 Thread 0x0000012f4721e1d0  314       3       java.lang.invoke.MemberName::isResolved (13 bytes)
Event: 0.681 Thread 0x0000012f4721e1d0 nmethod 314 0x0000012f3364e890 code [0x0000012f3364ea20, 0x0000012f3364eb80]

GC Heap History (2 events):
Event: 0.652 GC heap before
{Heap before GC invocations=0 (full 0):
 garbage-first heap   total 8192K, used 3072K [0x0000000083a00000, 0x0000000100000000)
  region size 1024K, 3 young (3072K), 0 survivors (0K)
 Metaspace       used 7675K, committed 7744K, reserved 1114112K
  class space    used 729K, committed 768K, reserved 1048576K
}
Event: 0.666 GC heap after
{Heap after GC invocations=1 (full 0):
 garbage-first heap   total 8192K, used 928K [0x0000000083a00000, 0x0000000100000000)
  region size 1024K, 1 young (1024K), 1 survivors (1024K)
 Metaspace       used 7675K, committed 7744K, reserved 1114112K
  class space    used 729K, committed 768K, reserved 1048576K
}

Dll operation events (2 events):
Event: 0.035 Loaded shared library C:\Users\Diron\New folder (2)\jbr\bin\java.dll
Event: 0.070 Loaded shared library C:\Users\Diron\New folder (2)\jbr\bin\zip.dll

Deoptimization events (4 events):
Event: 0.547 Thread 0x0000012f2e1bbfa0 Uncommon trap: trap_request=0xfffffff4 fr.pc=0x0000012f3b0ce850 relative=0x00000000000001b0
Event: 0.547 Thread 0x0000012f2e1bbfa0 Uncommon trap: reason=null_check action=make_not_entrant pc=0x0000012f3b0ce850 method=java.lang.String.equals(Ljava/lang/Object;)Z @ 8 c2
Event: 0.547 Thread 0x0000012f2e1bbfa0 DEOPT PACKING pc=0x0000012f3b0ce850 sp=0x0000000a391fde10
Event: 0.547 Thread 0x0000012f2e1bbfa0 DEOPT UNPACKING pc=0x0000012f3ab77da2 sp=0x0000000a391fdda8 mode 2

Classes loaded (20 events):
Event: 0.674 Loading class sun/util/locale/StringTokenIterator
Event: 0.674 Loading class sun/util/locale/StringTokenIterator done
Event: 0.674 Loading class sun/util/locale/InternalLocaleBuilder
Event: 0.674 Loading class sun/util/locale/InternalLocaleBuilder done
Event: 0.674 Loading class sun/util/locale/InternalLocaleBuilder$CaseInsensitiveChar
Event: 0.674 Loading class sun/util/locale/InternalLocaleBuilder$CaseInsensitiveChar done
Event: 0.674 Loading class sun/util/locale/BaseLocale$Key
Event: 0.675 Loading class sun/util/locale/BaseLocale$Key done
Event: 0.675 Loading class sun/util/locale/BaseLocale$Cache
Event: 0.675 Loading class sun/util/locale/BaseLocale$Cache done
Event: 0.675 Loading class java/util/Locale$Cache
Event: 0.675 Loading class java/util/Locale$Cache done
Event: 0.680 Loading class java/util/HashMap$EntrySpliterator
Event: 0.681 Loading class java/util/HashMap$HashMapSpliterator
Event: 0.681 Loading class java/util/HashMap$HashMapSpliterator done
Event: 0.681 Loading class java/util/HashMap$EntrySpliterator done
Event: 0.682 Loading class java/util/stream/Streams$ConcatSpliterator$OfRef
Event: 0.682 Loading class java/util/stream/Streams$ConcatSpliterator
Event: 0.682 Loading class java/util/stream/Streams$ConcatSpliterator done
Event: 0.682 Loading class java/util/stream/Streams$ConcatSpliterator$OfRef done

Classes unloaded (0 events):
No events

Classes redefined (0 events):
No events

Internal exceptions (3 events):
Event: 0.547 Thread 0x0000012f2e1bbfa0 Implicit null exception at 0x0000012f3b0ce6e3 to 0x0000012f3b0ce840
Event: 0.555 Thread 0x0000012f2e1bbfa0 Exception <a 'java/lang/NoSuchMethodError'{0x00000000840e26b0}: 'void java.lang.invoke.DirectMethodHandle$Holder.invokeStatic(java.lang.Object, java.lang.Object, java.lang.Object, java.lang.Object)'> (0x00000000840e26b0) 
thrown [s\src\hotspot\share\interpreter\linkResolver.cpp, line 784]
Event: 0.555 Thread 0x0000012f2e1bbfa0 Exception <a 'java/lang/NoSuchMethodError'{0x00000000840e5f18}: 'void java.lang.invoke.DirectMethodHandle$Holder.invokeStaticInit(java.lang.Object, java.lang.Object, java.lang.Object, java.lang.Object)'> (0x00000000840e5f18) 
thrown [s\src\hotspot\share\interpreter\linkResolver.cpp, line 784]

ZGC Phase Switch (0 events):
No events

VM Operations (6 events):
Event: 0.455 Executing VM operation: HandshakeAllThreads (Deoptimize)
Event: 0.456 Executing VM operation: HandshakeAllThreads (Deoptimize) done
Event: 0.599 Executing VM operation: HandshakeAllThreads (Deoptimize)
Event: 0.599 Executing VM operation: HandshakeAllThreads (Deoptimize) done
Event: 0.652 Executing VM operation: G1CollectForAllocation (G1 Evacuation Pause)
Event: 0.666 Executing VM operation: G1CollectForAllocation (G1 Evacuation Pause) done

Memory protections (0 events):
No events

Nmethod flushes (0 events):
No events

Events (15 events):
Event: 0.065 Thread 0x0000012f2e1bbfa0 Thread added: 0x0000012f2e1bbfa0
Event: 0.341 Thread 0x0000012f2e1bbfa0 Thread added: 0x0000012f471e25d0
Event: 0.350 Thread 0x0000012f2e1bbfa0 Thread added: 0x0000012f471f85f0
Event: 0.350 Thread 0x0000012f2e1bbfa0 Thread added: 0x0000012f471fb800
Event: 0.353 Thread 0x0000012f2e1bbfa0 Thread added: 0x0000012f47205dc0
Event: 0.353 Thread 0x0000012f2e1bbfa0 Thread added: 0x0000012f47206820
Event: 0.353 Thread 0x0000012f2e1bbfa0 Thread added: 0x0000012f47209d90
Event: 0.353 Thread 0x0000012f2e1bbfa0 Thread added: 0x0000012f4720c800
Event: 0.353 Thread 0x0000012f2e1bbfa0 Thread added: 0x0000012f47211a20
Event: 0.354 Thread 0x0000012f2e1bbfa0 Thread added: 0x0000012f4721e1d0
Event: 0.476 Thread 0x0000012f2e1bbfa0 Thread added: 0x0000012f47600200
Event: 0.494 Loaded shared library C:\Users\Diron\New folder (2)\jbr\bin\jimage.dll
Event: 0.508 Loaded shared library C:\Users\Diron\New folder (2)\jbr\bin\zip.dll
Event: 0.634 Loaded shared library C:\Users\Diron\New folder (2)\jbr\bin\net.dll
Event: 0.643 Loaded shared library C:\Users\Diron\New folder (2)\jbr\bin\nio.dll


Dynamic libraries:
0x00007ff7a20b0000 - 0x00007ff7a20b8000 	C:\Users\Diron\New folder (2)\jbr\bin\jlink.exe
0x00007ff8e9f50000 - 0x00007ff8ea148000 	C:\Windows\SYSTEM32\ntdll.dll
0x00007ff8dfc00000 - 0x00007ff8dfc20000 	C:\Program Files\Avast Software\Avast\aswhook.dll
0x00007ff8e8320000 - 0x00007ff8e83e2000 	C:\Windows\System32\KERNEL32.DLL
0x00007ff8e7970000 - 0x00007ff8e7c66000 	C:\Windows\System32\KERNELBASE.dll
0x00007ff8e7870000 - 0x00007ff8e7970000 	C:\Windows\System32\ucrtbase.dll
0x00007ff8c72c0000 - 0x00007ff8c72d8000 	C:\Users\Diron\New folder (2)\jbr\bin\jli.dll
0x00007ff8dffb0000 - 0x00007ff8dffcb000 	C:\Users\Diron\New folder (2)\jbr\bin\VCRUNTIME140.dll
0x00007ff8e83f0000 - 0x00007ff8e8591000 	C:\Windows\System32\USER32.dll
0x00007ff8e7f40000 - 0x00007ff8e7f62000 	C:\Windows\System32\win32u.dll
0x00007ff8e87c0000 - 0x00007ff8e87eb000 	C:\Windows\System32\GDI32.dll
0x00007ff8e7d20000 - 0x00007ff8e7e39000 	C:\Windows\System32\gdi32full.dll
0x00007ff8e7740000 - 0x00007ff8e77dd000 	C:\Windows\System32\msvcp_win.dll
0x00007ff8ca690000 - 0x00007ff8ca92b000 	C:\Windows\WinSxS\amd64_microsoft.windows.common-controls_6595b64144ccf1df_6.0.19041.6456_none_60b8a6cb71f64256\COMCTL32.dll
0x00007ff8e9e70000 - 0x00007ff8e9f0e000 	C:\Windows\System32\msvcrt.dll
0x00007ff8e9030000 - 0x00007ff8e905f000 	C:\Windows\System32\IMM32.DLL
0x00007ff8dfc60000 - 0x00007ff8dfc6c000 	C:\Users\Diron\New folder (2)\jbr\bin\vcruntime140_1.dll
0x00007ff89f2a0000 - 0x00007ff89f32d000 	C:\Users\Diron\New folder (2)\jbr\bin\msvcp140.dll
0x00007ff86f900000 - 0x00007ff870596000 	C:\Users\Diron\New folder (2)\jbr\bin\server\jvm.dll
0x00007ff8e9a40000 - 0x00007ff8e9af1000 	C:\Windows\System32\ADVAPI32.dll
0x00007ff8e85a0000 - 0x00007ff8e863f000 	C:\Windows\System32\sechost.dll
0x00007ff8e9920000 - 0x00007ff8e9a40000 	C:\Windows\System32\RPCRT4.dll
0x00007ff8e7e40000 - 0x00007ff8e7e67000 	C:\Windows\System32\bcrypt.dll
0x00007ff8e87f0000 - 0x00007ff8e885b000 	C:\Windows\System32\WS2_32.dll
0x00007ff8e7440000 - 0x00007ff8e748b000 	C:\Windows\SYSTEM32\POWRPROF.dll
0x00007ff8e0880000 - 0x00007ff8e088a000 	C:\Windows\SYSTEM32\VERSION.dll
0x00007ff8ca930000 - 0x00007ff8ca957000 	C:\Windows\SYSTEM32\WINMM.dll
0x00007ff8e7420000 - 0x00007ff8e7432000 	C:\Windows\SYSTEM32\UMPDC.dll
0x00007ff8e5df0000 - 0x00007ff8e5e02000 	C:\Windows\SYSTEM32\kernel.appcore.dll
0x00007ff8df3d0000 - 0x00007ff8df3da000 	C:\Users\Diron\New folder (2)\jbr\bin\jimage.dll
0x00007ff8e5310000 - 0x00007ff8e5511000 	C:\Windows\SYSTEM32\DBGHELP.DLL
0x00007ff8dcb30000 - 0x00007ff8dcb64000 	C:\Windows\SYSTEM32\dbgcore.DLL
0x00007ff8e77e0000 - 0x00007ff8e7862000 	C:\Windows\System32\bcryptPrimitives.dll
0x00007ff8d6a90000 - 0x00007ff8d6ab0000 	C:\Users\Diron\New folder (2)\jbr\bin\java.dll
0x00007ff8d6190000 - 0x00007ff8d61a8000 	C:\Users\Diron\New folder (2)\jbr\bin\zip.dll
0x00007ff8e8860000 - 0x00007ff8e8fd0000 	C:\Windows\System32\SHELL32.dll
0x00007ff8e5520000 - 0x00007ff8e5cc5000 	C:\Windows\SYSTEM32\windows.storage.dll
0x00007ff8e9b10000 - 0x00007ff8e9e64000 	C:\Windows\System32\combase.dll
0x00007ff8e6f30000 - 0x00007ff8e6f5b000 	C:\Windows\SYSTEM32\Wldp.dll
0x00007ff8e7f70000 - 0x00007ff8e803d000 	C:\Windows\System32\OLEAUT32.dll
0x00007ff8e8270000 - 0x00007ff8e831d000 	C:\Windows\System32\SHCORE.dll
0x00007ff8e8760000 - 0x00007ff8e87bb000 	C:\Windows\System32\shlwapi.dll
0x00007ff8e7510000 - 0x00007ff8e7534000 	C:\Windows\SYSTEM32\profapi.dll
0x00007ff8df3c0000 - 0x00007ff8df3d0000 	C:\Users\Diron\New folder (2)\jbr\bin\net.dll
0x00007ff8dcf00000 - 0x00007ff8dd00a000 	C:\Windows\SYSTEM32\WINHTTP.dll
0x00007ff8e6c90000 - 0x00007ff8e6cfa000 	C:\Windows\system32\mswsock.dll
0x00007ff8c91f0000 - 0x00007ff8c9206000 	C:\Users\Diron\New folder (2)\jbr\bin\nio.dll

JVMTI agents: none

dbghelp: loaded successfully - version: 4.0.5 - missing functions: none
symbol engine: initialized successfully - sym options: 0x614 - pdb path: .;C:\Users\Diron\New folder (2)\jbr\bin;C:\Windows\SYSTEM32;C:\Program Files\Avast Software\Avast;C:\Windows\WinSxS\amd64_microsoft.windows.common-controls_6595b64144ccf1df_6.0.19041.6456_none_60b8a6cb71f64256;C:\Users\Diron\New folder (2)\jbr\bin\server

VM Arguments:
jvm_args: -Dapplication.home=C:\Users\Diron\New folder (2)\jbr --add-modules=ALL-DEFAULT -Xms8m -Djdk.module.main=jdk.jlink 
java_command: jdk.jlink/jdk.tools.jlink.internal.Main --version
java_class_path (initial): <not set>
Launcher Type: SUN_STANDARD

[Global flags]
     intx CICompilerCount                          = 3                                         {product} {ergonomic}
     uint ConcGCThreads                            = 1                                         {product} {ergonomic}
     uint G1ConcRefinementThreads                  = 4                                         {product} {ergonomic}
   size_t G1HeapRegionSize                         = 1048576                                   {product} {ergonomic}
    uintx GCDrainStackTargetSize                   = 64                                        {product} {ergonomic}
   size_t InitialHeapSize                          = 8388608                                   {product} {command line}
   size_t MarkStackSize                            = 4194304                                   {product} {ergonomic}
   size_t MaxHeapSize                              = 2086666240                                {product} {ergonomic}
   size_t MaxNewSize                               = 1251999744                                {product} {ergonomic}
   size_t MinHeapDeltaBytes                        = 1048576                                   {product} {ergonomic}
   size_t MinHeapSize                              = 8388608                                   {product} {command line}
    uintx NonNMethodCodeHeapSize                   = 5832780                                {pd product} {ergonomic}
    uintx NonProfiledCodeHeapSize                  = 122912730                              {pd product} {ergonomic}
    uintx ProfiledCodeHeapSize                     = 122912730                              {pd product} {ergonomic}
    uintx ReservedCodeCacheSize                    = 251658240                              {pd product} {ergonomic}
     bool SegmentedCodeCache                       = true                                      {product} {ergonomic}
   size_t SoftMaxHeapSize                          = 2086666240                             {manageable} {ergonomic}
     bool UseCompressedOops                        = true                           {product lp64_product} {ergonomic}
     bool UseG1GC                                  = true                                      {product} {ergonomic}
     bool UseLargePagesIndividualAllocation        = false                                  {pd product} {ergonomic}

Logging:
Log output configuration:
 #0: stdout all=warning uptime,level,tags foldmultilines=false
 #1: stderr all=off uptime,level,tags foldmultilines=false

Environment Variables:
PATH=C:\Program Files\Java\jdk-22\bin;C:\Windows\system32;C:\Windows;C:\Windows\System32\Wbem;C:\Windows\System32\WindowsPowerShell\v1.0\;C:\Windows\System32\OpenSSH\;C:\Program Files\Microsoft VS Code\bin;C:\Program Files\Wondershare\Wondershare DemoCreator;C:\Program Files\Common Files\Oracle\Java\javapath;C:\Program Files\Git\cmd;C:\Program Files\dotnet\;C:\Program Files\Microsoft SQL Server\150\Tools\Binn\;C:\Program Files\Microsoft SQL Server\Client SDK\ODBC\170\Tools\Binn\;C:\Program Files\nodejs\;C:\Program Files\cursor\resources\app\bin;C:\Program Files\MySQL\MySQL Server 8.0\bin;C:\Program Files\MySQL\MySQL Shell 8.0\bin\;C:\Users\Diron\.cargo\bin;C:\Users\Diron\miniconda3\New folder;C:\Users\Diron\miniconda3\New folder\Library\mingw-w64\bin;C:\Users\Diron\miniconda3\New folder\Library\usr\bin;C:\Users\Diron\miniconda3\New folder\Library\bin;C:\Users\Diron\miniconda3\New folder\Scripts;C:\Users\Diron\miniconda3;C:\Users\Diron\miniconda3\Library\mingw-w64\bin;C:\Users\Diron\miniconda3\Library\usr\bin;C:\Users\Diron\miniconda3\Library\bin;C:\Users\Diron\miniconda3\Scripts;C:\Users\Diron\AppData\Local\Programs\Python\Python313\Scripts\;C:\Users\Diron\AppData\Local\Programs\Python\Python313\;C:\Users\Diron\AppData\Local\Microsoft\WindowsApps;C:\Users\Diron\AppData\Local\GitHubDesktop\bin;C:\Users\Diron\.dotnet\tools;C:\Users\Diron\AppData\Roaming\npm;C:\Program Files\nodejs;C:\src\flutter\bin
USERNAME=Diron
OS=Windows_NT
PROCESSOR_IDENTIFIER=Intel64 Family 6 Model 126 Stepping 5, GenuineIntel
TMP=C:\Users\Diron\AppData\Local\Temp
TEMP=C:\Users\Diron\AppData\Local\Temp




Periodic native trim disabled

JNI global refs:
JNI global refs: 7, weak refs: 0

JNI global refs memory usage: 835, weak refs: 833

Process memory usage:
Resident Set Size: 43584K (0% of 8150356K total physical memory with 738448K free physical memory)

OOME stack traces (most recent first):
Classloader memory used:
Loader bootstrap                                                                       : 7882K
Loader jdk.internal.loader.ClassLoaders$AppClassLoader                                 : 386K
Loader jdk.internal.loader.ClassLoaders$PlatformClassLoader                            : 71632B

---------------  S Y S T E M  ---------------

OS:
 Windows 10 , 64 bit Build 19041 (10.0.19041.5915)
OS uptime: 5 days 14:24 hours

CPU: total 4 (initial active 4) (2 cores per cpu, 2 threads per core) family 6 model 126 stepping 5 microcode 0xc2, cx8, cmov, fxsr, ht, mmx, 3dnowpref, sse, sse2, sse3, ssse3, sse4.1, sse4.2, popcnt, lzcnt, tsc, tscinvbit, avx, avx2, aes, erms, clmul, bmi1, bmi2, adx, avx512f, avx512dq, avx512cd, avx512bw, avx512vl, sha, fma, vzeroupper, avx512_vpopcntdq, avx512_vpclmulqdq, avx512_vaes, avx512_vnni, clflush, clflushopt, avx512_vbmi2, avx512_vbmi, rdtscp, rdpid, fsrm, gfni, avx512_bitalg, f16c, pku, avx512_ifma
Processor Information for the first 4 processors :
  Max Mhz: 1190, Current Mhz: 1190, Mhz Limit: 1190

Memory: 4k page, system-wide physical 7959M (721M free)
TotalPageFile size 32535M (AvailPageFile size 0M)
current process WorkingSet (physical memory assigned to process): 42M, peak: 42M
current process commit charge ("private bytes"): 76M, peak: 77M

vm_info: OpenJDK 64-Bit Server VM (21.0.8+-14018985-b1038.68) for windows-amd64 JRE (21.0.8+-14018985-b1038.68), built on 2025-08-29T19:56:34Z by "builder" with MS VC++ 16.10 / 16.11 (VS2019)

END.
